connect.multipart() will be removed in connect 3.0
visit https://github.com/senchalabs/connect/wiki/Connect-3.0 for alternatives
connect.limit() will be removed in connect 3.0
connect.multipart() will be removed in connect 3.0
visit https://github.com/senchalabs/connect/wiki/Connect-3.0 for alternatives
connect.limit() will be removed in connect 3.0
TypeError: Cannot call method 'replace' of undefined
    at ServerResponse.res.jsonp (/home/abb/Documents/www2/scm2-node/node_modules/express/lib/response.js:232:6)
    at exports.init (/home/abb/Documents/www2/scm2-node/analytics/core.js:29:10)
    at callbacks (/home/abb/Documents/www2/scm2-node/node_modules/express/lib/router/index.js:164:37)
    at param (/home/abb/Documents/www2/scm2-node/node_modules/express/lib/router/index.js:138:11)
    at pass (/home/abb/Documents/www2/scm2-node/node_modules/express/lib/router/index.js:145:5)
    at Router._dispatch (/home/abb/Documents/www2/scm2-node/node_modules/express/lib/router/index.js:173:5)
    at Object.router (/home/abb/Documents/www2/scm2-node/node_modules/express/lib/router/index.js:33:10)
    at Context.next (/home/abb/Documents/www2/scm2-node/node_modules/express/node_modules/connect/lib/proto.js:193:15)
    at Context.actions.pass (/home/abb/Documents/www2/scm2-node/node_modules/passport/lib/passport/context/http/actions.js:77:8)
    at SessionStrategy.authenticate (/home/abb/Documents/www2/scm2-node/node_modules/passport/lib/passport/strategies/session.js:67:10)
TypeError: Cannot call method 'replace' of undefined
    at ServerResponse.res.jsonp (/home/abb/Documents/www2/scm2-node/node_modules/express/lib/response.js:232:6)
    at exports.init (/home/abb/Documents/www2/scm2-node/analytics/core.js:29:10)
    at callbacks (/home/abb/Documents/www2/scm2-node/node_modules/express/lib/router/index.js:164:37)
    at param (/home/abb/Documents/www2/scm2-node/node_modules/express/lib/router/index.js:138:11)
    at pass (/home/abb/Documents/www2/scm2-node/node_modules/express/lib/router/index.js:145:5)
    at Router._dispatch (/home/abb/Documents/www2/scm2-node/node_modules/express/lib/router/index.js:173:5)
    at Object.router (/home/abb/Documents/www2/scm2-node/node_modules/express/lib/router/index.js:33:10)
    at Context.next (/home/abb/Documents/www2/scm2-node/node_modules/express/node_modules/connect/lib/proto.js:193:15)
    at Context.actions.pass (/home/abb/Documents/www2/scm2-node/node_modules/passport/lib/passport/context/http/actions.js:77:8)
    at SessionStrategy.authenticate (/home/abb/Documents/www2/scm2-node/node_modules/passport/lib/passport/strategies/session.js:67:10)
TypeError: Cannot call method 'replace' of undefined
    at ServerResponse.res.jsonp (/home/abb/Documents/www2/scm2-node/node_modules/express/lib/response.js:232:6)
    at exports.init (/home/abb/Documents/www2/scm2-node/analytics/core.js:29:10)
    at callbacks (/home/abb/Documents/www2/scm2-node/node_modules/express/lib/router/index.js:164:37)
    at param (/home/abb/Documents/www2/scm2-node/node_modules/express/lib/router/index.js:138:11)
    at pass (/home/abb/Documents/www2/scm2-node/node_modules/express/lib/router/index.js:145:5)
    at Router._dispatch (/home/abb/Documents/www2/scm2-node/node_modules/express/lib/router/index.js:173:5)
    at Object.router (/home/abb/Documents/www2/scm2-node/node_modules/express/lib/router/index.js:33:10)
    at Context.next (/home/abb/Documents/www2/scm2-node/node_modules/express/node_modules/connect/lib/proto.js:193:15)
    at Context.actions.pass (/home/abb/Documents/www2/scm2-node/node_modules/passport/lib/passport/context/http/actions.js:77:8)
    at SessionStrategy.authenticate (/home/abb/Documents/www2/scm2-node/node_modules/passport/lib/passport/strategies/session.js:67:10)
TypeError: Cannot call method 'replace' of undefined
    at ServerResponse.res.jsonp (/home/abb/Documents/www2/scm2-node/node_modules/express/lib/response.js:232:6)
    at exports.init (/home/abb/Documents/www2/scm2-node/analytics/core.js:29:10)
    at callbacks (/home/abb/Documents/www2/scm2-node/node_modules/express/lib/router/index.js:164:37)
    at param (/home/abb/Documents/www2/scm2-node/node_modules/express/lib/router/index.js:138:11)
    at pass (/home/abb/Documents/www2/scm2-node/node_modules/express/lib/router/index.js:145:5)
    at Router._dispatch (/home/abb/Documents/www2/scm2-node/node_modules/express/lib/router/index.js:173:5)
    at Object.router (/home/abb/Documents/www2/scm2-node/node_modules/express/lib/router/index.js:33:10)
    at Context.next (/home/abb/Documents/www2/scm2-node/node_modules/express/node_modules/connect/lib/proto.js:193:15)
    at Context.actions.pass (/home/abb/Documents/www2/scm2-node/node_modules/passport/lib/passport/context/http/actions.js:77:8)
    at SessionStrategy.authenticate (/home/abb/Documents/www2/scm2-node/node_modules/passport/lib/passport/strategies/session.js:67:10)
TypeError: Cannot call method 'replace' of undefined
    at ServerResponse.res.jsonp (/home/abb/Documents/www2/scm2-node/node_modules/express/lib/response.js:232:6)
    at exports.init (/home/abb/Documents/www2/scm2-node/analytics/core.js:29:10)
    at callbacks (/home/abb/Documents/www2/scm2-node/node_modules/express/lib/router/index.js:164:37)
    at param (/home/abb/Documents/www2/scm2-node/node_modules/express/lib/router/index.js:138:11)
    at pass (/home/abb/Documents/www2/scm2-node/node_modules/express/lib/router/index.js:145:5)
    at Router._dispatch (/home/abb/Documents/www2/scm2-node/node_modules/express/lib/router/index.js:173:5)
    at Object.router (/home/abb/Documents/www2/scm2-node/node_modules/express/lib/router/index.js:33:10)
    at Context.next (/home/abb/Documents/www2/scm2-node/node_modules/express/node_modules/connect/lib/proto.js:193:15)
    at Context.actions.pass (/home/abb/Documents/www2/scm2-node/node_modules/passport/lib/passport/context/http/actions.js:77:8)
    at SessionStrategy.authenticate (/home/abb/Documents/www2/scm2-node/node_modules/passport/lib/passport/strategies/session.js:67:10)
TypeError: Cannot call method 'replace' of undefined
    at ServerResponse.res.jsonp (/home/abb/Documents/www2/scm2-node/node_modules/express/lib/response.js:232:6)
    at exports.init (/home/abb/Documents/www2/scm2-node/analytics/core.js:29:10)
    at callbacks (/home/abb/Documents/www2/scm2-node/node_modules/express/lib/router/index.js:164:37)
    at param (/home/abb/Documents/www2/scm2-node/node_modules/express/lib/router/index.js:138:11)
    at pass (/home/abb/Documents/www2/scm2-node/node_modules/express/lib/router/index.js:145:5)
    at Router._dispatch (/home/abb/Documents/www2/scm2-node/node_modules/express/lib/router/index.js:173:5)
    at Object.router (/home/abb/Documents/www2/scm2-node/node_modules/express/lib/router/index.js:33:10)
    at Context.next (/home/abb/Documents/www2/scm2-node/node_modules/express/node_modules/connect/lib/proto.js:193:15)
    at Context.actions.pass (/home/abb/Documents/www2/scm2-node/node_modules/passport/lib/passport/context/http/actions.js:77:8)
    at SessionStrategy.authenticate (/home/abb/Documents/www2/scm2-node/node_modules/passport/lib/passport/strategies/session.js:67:10)
TypeError: Cannot call method 'replace' of undefined
    at ServerResponse.res.jsonp (/home/abb/Documents/www2/scm2-node/node_modules/express/lib/response.js:232:6)
    at exports.init (/home/abb/Documents/www2/scm2-node/analytics/core.js:29:10)
    at callbacks (/home/abb/Documents/www2/scm2-node/node_modules/express/lib/router/index.js:164:37)
    at param (/home/abb/Documents/www2/scm2-node/node_modules/express/lib/router/index.js:138:11)
    at pass (/home/abb/Documents/www2/scm2-node/node_modules/express/lib/router/index.js:145:5)
    at Router._dispatch (/home/abb/Documents/www2/scm2-node/node_modules/express/lib/router/index.js:173:5)
    at Object.router (/home/abb/Documents/www2/scm2-node/node_modules/express/lib/router/index.js:33:10)
    at Context.next (/home/abb/Documents/www2/scm2-node/node_modules/express/node_modules/connect/lib/proto.js:193:15)
    at Context.actions.pass (/home/abb/Documents/www2/scm2-node/node_modules/passport/lib/passport/context/http/actions.js:77:8)
    at SessionStrategy.authenticate (/home/abb/Documents/www2/scm2-node/node_modules/passport/lib/passport/strategies/session.js:67:10)
TypeError: Cannot call method 'replace' of undefined
    at ServerResponse.res.jsonp (/home/abb/Documents/www2/scm2-node/node_modules/express/lib/response.js:232:6)
    at exports.init (/home/abb/Documents/www2/scm2-node/analytics/core.js:29:10)
    at callbacks (/home/abb/Documents/www2/scm2-node/node_modules/express/lib/router/index.js:164:37)
    at param (/home/abb/Documents/www2/scm2-node/node_modules/express/lib/router/index.js:138:11)
    at pass (/home/abb/Documents/www2/scm2-node/node_modules/express/lib/router/index.js:145:5)
    at Router._dispatch (/home/abb/Documents/www2/scm2-node/node_modules/express/lib/router/index.js:173:5)
    at Object.router (/home/abb/Documents/www2/scm2-node/node_modules/express/lib/router/index.js:33:10)
    at Context.next (/home/abb/Documents/www2/scm2-node/node_modules/express/node_modules/connect/lib/proto.js:193:15)
    at Context.actions.pass (/home/abb/Documents/www2/scm2-node/node_modules/passport/lib/passport/context/http/actions.js:77:8)
    at SessionStrategy.authenticate (/home/abb/Documents/www2/scm2-node/node_modules/passport/lib/passport/strategies/session.js:67:10)
TypeError: Cannot call method 'replace' of undefined
    at ServerResponse.res.jsonp (/home/abb/Documents/www2/scm2-node/node_modules/express/lib/response.js:232:6)
    at exports.init (/home/abb/Documents/www2/scm2-node/analytics/core.js:29:10)
    at callbacks (/home/abb/Documents/www2/scm2-node/node_modules/express/lib/router/index.js:164:37)
    at param (/home/abb/Documents/www2/scm2-node/node_modules/express/lib/router/index.js:138:11)
    at pass (/home/abb/Documents/www2/scm2-node/node_modules/express/lib/router/index.js:145:5)
    at Router._dispatch (/home/abb/Documents/www2/scm2-node/node_modules/express/lib/router/index.js:173:5)
    at Object.router (/home/abb/Documents/www2/scm2-node/node_modules/express/lib/router/index.js:33:10)
    at Context.next (/home/abb/Documents/www2/scm2-node/node_modules/express/node_modules/connect/lib/proto.js:193:15)
    at Context.actions.pass (/home/abb/Documents/www2/scm2-node/node_modules/passport/lib/passport/context/http/actions.js:77:8)
    at SessionStrategy.authenticate (/home/abb/Documents/www2/scm2-node/node_modules/passport/lib/passport/strategies/session.js:67:10)
